<?xml version="1.0" encoding="UTF-8"?>
<testng-results skipped="0" failed="0" total="1" passed="1">
  <reporter-output>
  </reporter-output>
  <suite name="Suite" duration-ms="148575" started-at="2018-01-04T12:53:15Z" finished-at="2018-01-04T12:55:43Z">
    <groups>
    </groups>
    <test name="TestIOS" duration-ms="148575" started-at="2018-01-04T12:53:15Z" finished-at="2018-01-04T12:55:43Z">
      <class name="com.experitest.auto.IOSDemoTest">
        <test-method status="PASS" signature="setUp(java.lang.String)[pri:0, instance:com.experitest.auto.IOSDemoTest@53b32d7]" name="setUp" is-config="true" duration-ms="84945" started-at="2018-01-04T14:53:15Z" finished-at="2018-01-04T14:54:40Z">
          <params>
            <param index="0">
              <value>
                <![CDATA[@os='ios' and @version!='11.1.2']]>
              </value>
            </param>
          </params>
          <reporter-output>
          </reporter-output>
        </test-method> <!-- setUp -->
        <test-method status="PASS" signature="test()[pri:0, instance:com.experitest.auto.IOSDemoTest@53b32d7]" name="test" duration-ms="57505" started-at="2018-01-04T14:54:40Z" finished-at="2018-01-04T14:55:37Z">
          <reporter-output>
          </reporter-output>
        </test-method> <!-- test -->
        <test-method status="PASS" signature="tearDown()[pri:0, instance:com.experitest.auto.IOSDemoTest@53b32d7]" name="tearDown" is-config="true" duration-ms="6101" started-at="2018-01-04T14:55:37Z" finished-at="2018-01-04T14:55:43Z">
          <reporter-output>
          </reporter-output>
        </test-method> <!-- tearDown -->
      </class> <!-- com.experitest.auto.IOSDemoTest -->
    </test> <!-- TestIOS -->
  </suite> <!-- Suite -->
</testng-results>
